####################################################
Gemplus - Spy Log
     Mon Nov 12 14:18:22 GMT+08:00 2007
####################################################

>>> ME -> CARD >>>>>>>>>>>>>>>>>>>>>>>>>>>>>>>>>>>>>
A0 A4 00 00 02 3F 00 
SELECT

<<< CARD -> ME <<<<<<<<<<<<<<<<<<<<<<<<<<<<<<<<<<<<<
9F 16 
OK + DATA

>>> ME -> CARD >>>>>>>>>>>>>>>>>>>>>>>>>>>>>>>>>>>>>
A0 A4 00 00 02 7F 20 
SELECT

<<< CARD -> ME <<<<<<<<<<<<<<<<<<<<<<<<<<<<<<<<<<<<<
9F 16 
OK + DATA

>>> ME -> CARD >>>>>>>>>>>>>>>>>>>>>>>>>>>>>>>>>>>>>
A0 C0 00 00 16 
GET RESPONSE

<<< CARD -> ME <<<<<<<<<<<<<<<<<<<<<<<<<<<<<<<<<<<<<
00 00 1F EC 7F 20 02 00 00 00 00 00 09 11 00 16 0A 00 83 8A 83 8A 90 00 
OK, DATA

>>> ME -> CARD >>>>>>>>>>>>>>>>>>>>>>>>>>>>>>>>>>>>>
A0 A4 00 00 02 6F AE 
SELECT

<<< CARD -> ME <<<<<<<<<<<<<<<<<<<<<<<<<<<<<<<<<<<<<
9F 0F 
OK + DATA

>>> ME -> CARD >>>>>>>>>>>>>>>>>>>>>>>>>>>>>>>>>>>>>
A0 B0 00 00 01 
READ BINARY

<<< CARD -> ME <<<<<<<<<<<<<<<<<<<<<<<<<<<<<<<<<<<<<
03 90 00 
OK, DATA

>>> ME -> CARD >>>>>>>>>>>>>>>>>>>>>>>>>>>>>>>>>>>>>
A0 A4 00 00 02 3F 00 
SELECT

<<< CARD -> ME <<<<<<<<<<<<<<<<<<<<<<<<<<<<<<<<<<<<<
9F 16 
OK + DATA

>>> ME -> CARD >>>>>>>>>>>>>>>>>>>>>>>>>>>>>>>>>>>>>
A0 A4 00 00 02 7F 20 
SELECT

<<< CARD -> ME <<<<<<<<<<<<<<<<<<<<<<<<<<<<<<<<<<<<<
9F 16 
OK + DATA

>>> ME -> CARD >>>>>>>>>>>>>>>>>>>>>>>>>>>>>>>>>>>>>
A0 C0 00 00 16 
GET RESPONSE

<<< CARD -> ME <<<<<<<<<<<<<<<<<<<<<<<<<<<<<<<<<<<<<
00 00 1F EC 7F 20 02 00 00 00 00 00 09 11 00 16 0A 00 83 8A 83 8A 90 00 
OK, DATA

>>> ME -> CARD >>>>>>>>>>>>>>>>>>>>>>>>>>>>>>>>>>>>>
A0 20 00 01 08 33 35 31 30 FF FF FF FF 
VERIFY CHV

<<< CARD -> ME <<<<<<<<<<<<<<<<<<<<<<<<<<<<<<<<<<<<<
90 00 
OK

>>> ME -> CARD >>>>>>>>>>>>>>>>>>>>>>>>>>>>>>>>>>>>>
A0 10 00 00 13 3B 67 FF 7F 1F 02 0F 0B 41 00 00 00 00 86 98 04 00 00 00 
TERMINAL PROFILE

<<< CARD -> ME <<<<<<<<<<<<<<<<<<<<<<<<<<<<<<<<<<<<<
91 34 
OK + PROACTIVE

>>> ME -> CARD >>>>>>>>>>>>>>>>>>>>>>>>>>>>>>>>>>>>>
A0 12 00 00 34 
FETCH

<<< CARD -> ME <<<<<<<<<<<<<<<<<<<<<<<<<<<<<<<<<<<<<
D0 32 81 03 01 25 00 82 02 81 82 85 04 69 43 42 53 8F 07 01 44 65 61 6C 65 72 8F 07 82 44 65 61 6C 65 72 8F 0A 83 4D 6F 62 69 4D 45 44 49 41 18 03 24 00 24 90 00 
SET UP MENU

	CMD:SET UP MENU
		Qualifier =00
	DEVICE:SIM -> ME
	ALPHA ID:length =4
		iCBS
	ITEM:1 - Dealer
	ITEM:130 - Dealer
	ITEM:131 - MobiMEDIA

>>> ME -> CARD >>>>>>>>>>>>>>>>>>>>>>>>>>>>>>>>>>>>>
A0 14 00 00 0C 81 03 01 25 00 02 02 82 81 03 01 00 
TERMINAL RESPONSE

<<< CARD -> ME <<<<<<<<<<<<<<<<<<<<<<<<<<<<<<<<<<<<<
90 00 
OK

>>> ME -> CARD >>>>>>>>>>>>>>>>>>>>>>>>>>>>>>>>>>>>>
A0 C2 00 00 09 D3 07 02 02 01 81 10 01 01 
ENVELOPE: Menu selection

	DEVICE:KEYPAD -> SIM
	ITEM ID:1

<<< CARD -> ME <<<<<<<<<<<<<<<<<<<<<<<<<<<<<<<<<<<<<
91 45 
OK + PROACTIVE

>>> ME -> CARD >>>>>>>>>>>>>>>>>>>>>>>>>>>>>>>>>>>>>
A0 12 00 00 45 
FETCH

<<< CARD -> ME <<<<<<<<<<<<<<<<<<<<<<<<<<<<<<<<<<<<<
D0 43 81 03 01 24 00 82 02 81 82 85 06 44 65 61 6C 65 72 8F 09 01 43 65 6E 65 67 6C 65 78 8F 11 02 55 6C 64 65 67 64 65 6C 20 73 68 61 6C 67 61 78 8F 12 03 4E 75 75 63 20 64 75 67 61 61 72 20 73 6F 6C 69 78 90 00 
SELECT ITEM

	CMD:SELECT ITEM
		Qualifier =00
	DEVICE:SIM -> ME
	ALPHA ID:length =6
		Dealer
	ITEM:1 - Ceneglex
	ITEM:2 - Uldegdel shalgax
	ITEM:3 - Nuuc dugaar solix

>>> ME -> CARD >>>>>>>>>>>>>>>>>>>>>>>>>>>>>>>>>>>>>
A0 F2 00 00 07 
STATUS

<<< CARD -> ME <<<<<<<<<<<<<<<<<<<<<<<<<<<<<<<<<<<<<
00 00 1F EC 7F 20 02 90 00 
OK, DATA

>>> ME -> CARD >>>>>>>>>>>>>>>>>>>>>>>>>>>>>>>>>>>>>
A0 14 00 00 0F 81 03 01 24 00 02 02 82 81 03 01 00 10 01 01 
TERMINAL RESPONSE

<<< CARD -> ME <<<<<<<<<<<<<<<<<<<<<<<<<<<<<<<<<<<<<
91 22 
OK + PROACTIVE

>>> ME -> CARD >>>>>>>>>>>>>>>>>>>>>>>>>>>>>>>>>>>>>
A0 12 00 00 22 
FETCH

<<< CARD -> ME <<<<<<<<<<<<<<<<<<<<<<<<<<<<<<<<<<<<<
D0 20 81 03 01 23 00 82 02 81 82 8D 11 04 43 65 6E 65 67 6C 65 78 20 64 75 67 61 61 72 3F 91 02 08 08 90 00 
GET INPUT

	CMD:GET INPUT
		Qualifier =00
	DEVICE:SIM -> ME
	STR:length =16
		Ceneglex dugaar?
		format:8 BITS
		class:no class meaning
	LENGTHS:
		min =8
		max =8

>>> ME -> CARD >>>>>>>>>>>>>>>>>>>>>>>>>>>>>>>>>>>>>
A0 14 00 00 17 81 03 01 23 00 02 02 82 81 03 01 00 0D 09 04 39 39 30 39 39 31 32 31 
TERMINAL RESPONSE

<<< CARD -> ME <<<<<<<<<<<<<<<<<<<<<<<<<<<<<<<<<<<<<
91 16 
OK + PROACTIVE

>>> ME -> CARD >>>>>>>>>>>>>>>>>>>>>>>>>>>>>>>>>>>>>
A0 12 00 00 16 
FETCH

<<< CARD -> ME <<<<<<<<<<<<<<<<<<<<<<<<<<<<<<<<<<<<<
D0 14 81 03 01 23 00 82 02 81 82 8D 05 04 44 75 6E 3F 91 02 01 08 90 00 
GET INPUT

	CMD:GET INPUT
		Qualifier =00
	DEVICE:SIM -> ME
	STR:length =4
		Dun?
		format:8 BITS
		class:no class meaning
	LENGTHS:
		min =1
		max =8

>>> ME -> CARD >>>>>>>>>>>>>>>>>>>>>>>>>>>>>>>>>>>>>
A0 14 00 00 14 81 03 01 23 00 02 02 82 81 03 01 00 0D 06 04 31 30 30 30 30 
TERMINAL RESPONSE

<<< CARD -> ME <<<<<<<<<<<<<<<<<<<<<<<<<<<<<<<<<<<<<
91 27 
OK + PROACTIVE

>>> ME -> CARD >>>>>>>>>>>>>>>>>>>>>>>>>>>>>>>>>>>>>
A0 12 00 00 27 
FETCH

<<< CARD -> ME <<<<<<<<<<<<<<<<<<<<<<<<<<<<<<<<<<<<<
D0 25 81 03 01 21 80 82 02 81 02 8D 1A 04 49 6C 67 65 65 78 20 75 75 3F 0A 39 39 30 39 39 31 32 31 3C 31 30 30 30 30 90 00 
DISPLAY TEXT

	CMD:DISPLAY TEXT
		Qualifier =80
	DEVICE:SIM -> DISPLAY
	STR:length =25
		Ilgeex uu?
99099121<10000
		format:8 BITS
		class:no class meaning

>>> ME -> CARD >>>>>>>>>>>>>>>>>>>>>>>>>>>>>>>>>>>>>
A0 F2 00 00 07 
STATUS

<<< CARD -> ME <<<<<<<<<<<<<<<<<<<<<<<<<<<<<<<<<<<<<
00 00 1F EC 7F 20 02 90 00 
OK, DATA

>>> ME -> CARD >>>>>>>>>>>>>>>>>>>>>>>>>>>>>>>>>>>>>
A0 14 00 00 0C 81 03 01 21 80 02 02 82 81 03 01 00 
TERMINAL RESPONSE

<<< CARD -> ME <<<<<<<<<<<<<<<<<<<<<<<<<<<<<<<<<<<<<
91 1B 
OK + PROACTIVE

>>> ME -> CARD >>>>>>>>>>>>>>>>>>>>>>>>>>>>>>>>>>>>>
A0 12 00 00 1B 
FETCH

<<< CARD -> ME <<<<<<<<<<<<<<<<<<<<<<<<<<<<<<<<<<<<<
D0 19 81 03 01 23 04 82 02 81 82 8D 0A 04 4E 75 75 63 20 6B 6F 64 3F 91 02 01 05 90 00 
GET INPUT

	CMD:GET INPUT
		Qualifier =04
	DEVICE:SIM -> ME
	STR:length =9
		Nuuc kod?
		format:8 BITS
		class:no class meaning
	LENGTHS:
		min =1
		max =5

>>> ME -> CARD >>>>>>>>>>>>>>>>>>>>>>>>>>>>>>>>>>>>>
A0 14 00 00 14 81 03 01 23 04 02 02 82 81 03 01 00 0D 06 04 31 32 33 34 35 
TERMINAL RESPONSE

<<< CARD -> ME <<<<<<<<<<<<<<<<<<<<<<<<<<<<<<<<<<<<<
91 33 
OK + PROACTIVE

>>> ME -> CARD >>>>>>>>>>>>>>>>>>>>>>>>>>>>>>>>>>>>>
A0 12 00 00 33 
FETCH

<<< CARD -> ME <<<<<<<<<<<<<<<<<<<<<<<<<<<<<<<<<<<<<
D0 31 81 03 01 12 00 82 02 81 83 05 09 54 6F 70 20 55 70 2E 2E 2E 0A 1B 0F AA 18 6D A6 CA E5 60 B9 5C 4C 16 53 C5 60 30 18 4C 15 93 CD 68 B5 11 34 35 23 90 00 
SEND USSD

	CMD:SEND USSD
		Qualifier =00
	DEVICE:SIM -> NETWORK
	ALPHA ID:length =9
		Top Up...
	USSD:length =27
		0F AA 18 6D A6 CA E5 60 B9 5C 4C 16 53 C5 60 30 18 4C 15 93 CD 68 B5 11 34 35 23 

>>> ME -> CARD >>>>>>>>>>>>>>>>>>>>>>>>>>>>>>>>>>>>>
A0 14 00 00 28 81 03 01 12 00 02 02 82 81 03 01 00 0D 1A 00 D5 E9 94 08 9A D3 E5 69 F7 19 24 2F 8F CB 69 7B 99 0C 32 CB DF 6D D0 74 0A 
TERMINAL RESPONSE

<<< CARD -> ME <<<<<<<<<<<<<<<<<<<<<<<<<<<<<<<<<<<<<
91 27 
OK + PROACTIVE

>>> ME -> CARD >>>>>>>>>>>>>>>>>>>>>>>>>>>>>>>>>>>>>
A0 12 00 00 27 
FETCH

<<< CARD -> ME <<<<<<<<<<<<<<<<<<<<<<<<<<<<<<<<<<<<<
D0 25 81 03 01 21 80 82 02 81 02 8D 1A 00 D5 E9 94 08 9A D3 E5 69 F7 19 24 2F 8F CB 69 7B 99 0C 32 CB DF 6D D0 74 0A 90 00 
DISPLAY TEXT

	CMD:DISPLAY TEXT
		Qualifier =80
	DEVICE:SIM -> DISPLAY
	STR:length =28
		USSD string received from SS
		format:7 BITS
		class:no class meaning

>>> ME -> CARD >>>>>>>>>>>>>>>>>>>>>>>>>>>>>>>>>>>>>
A0 F2 00 00 07 
STATUS

<<< CARD -> ME <<<<<<<<<<<<<<<<<<<<<<<<<<<<<<<<<<<<<
00 00 1F EC 7F 20 02 90 00 
OK, DATA

>>> ME -> CARD >>>>>>>>>>>>>>>>>>>>>>>>>>>>>>>>>>>>>
A0 F2 00 00 07 
STATUS

<<< CARD -> ME <<<<<<<<<<<<<<<<<<<<<<<<<<<<<<<<<<<<<
00 00 1F EC 7F 20 02 90 00 
OK, DATA

>>> ME -> CARD >>>>>>>>>>>>>>>>>>>>>>>>>>>>>>>>>>>>>
A0 F2 00 00 07 
STATUS

<<< CARD -> ME <<<<<<<<<<<<<<<<<<<<<<<<<<<<<<<<<<<<<
00 00 1F EC 7F 20 02 90 00 
OK, DATA

>>> ME -> CARD >>>>>>>>>>>>>>>>>>>>>>>>>>>>>>>>>>>>>
A0 F2 00 00 07 
STATUS

<<< CARD -> ME <<<<<<<<<<<<<<<<<<<<<<<<<<<<<<<<<<<<<
00 00 1F EC 7F 20 02 90 00 
OK, DATA

>>> ME -> CARD >>>>>>>>>>>>>>>>>>>>>>>>>>>>>>>>>>>>>
A0 F2 00 00 07 
STATUS

<<< CARD -> ME <<<<<<<<<<<<<<<<<<<<<<<<<<<<<<<<<<<<<
00 00 1F EC 7F 20 02 90 00 
OK, DATA

>>> ME -> CARD >>>>>>>>>>>>>>>>>>>>>>>>>>>>>>>>>>>>>
A0 F2 00 00 07 
STATUS

<<< CARD -> ME <<<<<<<<<<<<<<<<<<<<<<<<<<<<<<<<<<<<<
00 00 1F EC 7F 20 02 90 00 
OK, DATA

>>> ME -> CARD >>>>>>>>>>>>>>>>>>>>>>>>>>>>>>>>>>>>>
A0 F2 00 00 07 
STATUS

<<< CARD -> ME <<<<<<<<<<<<<<<<<<<<<<<<<<<<<<<<<<<<<
00 00 1F EC 7F 20 02 90 00 
OK, DATA

>>> ME -> CARD >>>>>>>>>>>>>>>>>>>>>>>>>>>>>>>>>>>>>
A0 14 00 00 0C 81 03 01 21 80 02 02 82 81 03 01 00 
TERMINAL RESPONSE

<<< CARD -> ME <<<<<<<<<<<<<<<<<<<<<<<<<<<<<<<<<<<<<
91 45 
OK + PROACTIVE

>>> ME -> CARD >>>>>>>>>>>>>>>>>>>>>>>>>>>>>>>>>>>>>
A0 12 00 00 45 
FETCH

<<< CARD -> ME <<<<<<<<<<<<<<<<<<<<<<<<<<<<<<<<<<<<<
D0 43 81 03 01 24 00 82 02 81 82 85 06 44 65 61 6C 65 72 8F 09 01 43 65 6E 65 67 6C 65 78 8F 11 02 55 6C 64 65 67 64 65 6C 20 73 68 61 6C 67 61 78 8F 12 03 4E 75 75 63 20 64 75 67 61 61 72 20 73 6F 6C 69 78 90 00 
SELECT ITEM

	CMD:SELECT ITEM
		Qualifier =00
	DEVICE:SIM -> ME
	ALPHA ID:length =6
		Dealer
	ITEM:1 - Ceneglex
	ITEM:2 - Uldegdel shalgax
	ITEM:3 - Nuuc dugaar solix

>>> ME -> CARD >>>>>>>>>>>>>>>>>>>>>>>>>>>>>>>>>>>>>
A0 14 00 00 0F 81 03 01 24 00 02 02 82 81 03 01 00 10 01 01 
TERMINAL RESPONSE

<<< CARD -> ME <<<<<<<<<<<<<<<<<<<<<<<<<<<<<<<<<<<<<
91 22 
OK + PROACTIVE

>>> ME -> CARD >>>>>>>>>>>>>>>>>>>>>>>>>>>>>>>>>>>>>
A0 12 00 00 22 
FETCH

<<< CARD -> ME <<<<<<<<<<<<<<<<<<<<<<<<<<<<<<<<<<<<<
D0 20 81 03 01 23 00 82 02 81 82 8D 11 04 43 65 6E 65 67 6C 65 78 20 64 75 67 61 61 72 3F 91 02 08 08 90 00 
GET INPUT

	CMD:GET INPUT
		Qualifier =00
	DEVICE:SIM -> ME
	STR:length =16
		Ceneglex dugaar?
		format:8 BITS
		class:no class meaning
	LENGTHS:
		min =8
		max =8

>>> ME -> CARD >>>>>>>>>>>>>>>>>>>>>>>>>>>>>>>>>>>>>
A0 F2 00 00 07 
STATUS

<<< CARD -> ME <<<<<<<<<<<<<<<<<<<<<<<<<<<<<<<<<<<<<
00 00 1F EC 7F 20 02 90 00 
OK, DATA

>>> ME -> CARD >>>>>>>>>>>>>>>>>>>>>>>>>>>>>>>>>>>>>
A0 14 00 00 0C 81 03 01 23 00 02 02 82 81 03 01 10 
TERMINAL RESPONSE

<<< CARD -> ME <<<<<<<<<<<<<<<<<<<<<<<<<<<<<<<<<<<<<
91 45 
OK + PROACTIVE

>>> ME -> CARD >>>>>>>>>>>>>>>>>>>>>>>>>>>>>>>>>>>>>
A0 12 00 00 45 
FETCH

<<< CARD -> ME <<<<<<<<<<<<<<<<<<<<<<<<<<<<<<<<<<<<<
D0 43 81 03 01 24 00 82 02 81 82 85 06 44 65 61 6C 65 72 8F 09 01 43 65 6E 65 67 6C 65 78 8F 11 02 55 6C 64 65 67 64 65 6C 20 73 68 61 6C 67 61 78 8F 12 03 4E 75 75 63 20 64 75 67 61 61 72 20 73 6F 6C 69 78 90 00 
SELECT ITEM

	CMD:SELECT ITEM
		Qualifier =00
	DEVICE:SIM -> ME
	ALPHA ID:length =6
		Dealer
	ITEM:1 - Ceneglex
	ITEM:2 - Uldegdel shalgax
	ITEM:3 - Nuuc dugaar solix

>>> ME -> CARD >>>>>>>>>>>>>>>>>>>>>>>>>>>>>>>>>>>>>
A0 14 00 00 0F 81 03 01 24 00 02 02 82 81 03 01 00 10 01 01 
TERMINAL RESPONSE

<<< CARD -> ME <<<<<<<<<<<<<<<<<<<<<<<<<<<<<<<<<<<<<
91 22 
OK + PROACTIVE

>>> ME -> CARD >>>>>>>>>>>>>>>>>>>>>>>>>>>>>>>>>>>>>
A0 12 00 00 22 
FETCH

<<< CARD -> ME <<<<<<<<<<<<<<<<<<<<<<<<<<<<<<<<<<<<<
D0 20 81 03 01 23 00 82 02 81 82 8D 11 04 43 65 6E 65 67 6C 65 78 20 64 75 67 61 61 72 3F 91 02 08 08 90 00 
GET INPUT

	CMD:GET INPUT
		Qualifier =00
	DEVICE:SIM -> ME
	STR:length =16
		Ceneglex dugaar?
		format:8 BITS
		class:no class meaning
	LENGTHS:
		min =8
		max =8

>>> ME -> CARD >>>>>>>>>>>>>>>>>>>>>>>>>>>>>>>>>>>>>
A0 F2 00 00 07 
STATUS

<<< CARD -> ME <<<<<<<<<<<<<<<<<<<<<<<<<<<<<<<<<<<<<
00 00 1F EC 7F 20 02 90 00 
OK, DATA

>>> ME -> CARD >>>>>>>>>>>>>>>>>>>>>>>>>>>>>>>>>>>>>
A0 14 00 00 0C 81 03 01 23 00 02 02 82 81 03 01 10 
TERMINAL RESPONSE

<<< CARD -> ME <<<<<<<<<<<<<<<<<<<<<<<<<<<<<<<<<<<<<
91 45 
OK + PROACTIVE

>>> ME -> CARD >>>>>>>>>>>>>>>>>>>>>>>>>>>>>>>>>>>>>
A0 12 00 00 45 
FETCH

<<< CARD -> ME <<<<<<<<<<<<<<<<<<<<<<<<<<<<<<<<<<<<<
D0 43 81 03 01 24 00 82 02 81 82 85 06 44 65 61 6C 65 72 8F 09 01 43 65 6E 65 67 6C 65 78 8F 11 02 55 6C 64 65 67 64 65 6C 20 73 68 61 6C 67 61 78 8F 12 03 4E 75 75 63 20 64 75 67 61 61 72 20 73 6F 6C 69 78 90 00 
SELECT ITEM

	CMD:SELECT ITEM
		Qualifier =00
	DEVICE:SIM -> ME
	ALPHA ID:length =6
		Dealer
	ITEM:1 - Ceneglex
	ITEM:2 - Uldegdel shalgax
	ITEM:3 - Nuuc dugaar solix

>>> ME -> CARD >>>>>>>>>>>>>>>>>>>>>>>>>>>>>>>>>>>>>
A0 14 00 00 0F 81 03 01 24 00 02 02 82 81 03 01 00 10 01 01 
TERMINAL RESPONSE

<<< CARD -> ME <<<<<<<<<<<<<<<<<<<<<<<<<<<<<<<<<<<<<
91 22 
OK + PROACTIVE

>>> ME -> CARD >>>>>>>>>>>>>>>>>>>>>>>>>>>>>>>>>>>>>
A0 12 00 00 22 
FETCH

<<< CARD -> ME <<<<<<<<<<<<<<<<<<<<<<<<<<<<<<<<<<<<<
D0 20 81 03 01 23 00 82 02 81 82 8D 11 04 43 65 6E 65 67 6C 65 78 20 64 75 67 61 61 72 3F 91 02 08 08 90 00 
GET INPUT

	CMD:GET INPUT
		Qualifier =00
	DEVICE:SIM -> ME
	STR:length =16
		Ceneglex dugaar?
		format:8 BITS
		class:no class meaning
	LENGTHS:
		min =8
		max =8

>>> ME -> CARD >>>>>>>>>>>>>>>>>>>>>>>>>>>>>>>>>>>>>
A0 14 00 00 0C 81 03 01 23 00 02 02 82 81 03 01 10 
TERMINAL RESPONSE

<<< CARD -> ME <<<<<<<<<<<<<<<<<<<<<<<<<<<<<<<<<<<<<
91 45 
OK + PROACTIVE

>>> ME -> CARD >>>>>>>>>>>>>>>>>>>>>>>>>>>>>>>>>>>>>
A0 12 00 00 45 
FETCH

<<< CARD -> ME <<<<<<<<<<<<<<<<<<<<<<<<<<<<<<<<<<<<<
D0 43 81 03 01 24 00 82 02 81 82 85 06 44 65 61 6C 65 72 8F 09 01 43 65 6E 65 67 6C 65 78 8F 11 02 55 6C 64 65 67 64 65 6C 20 73 68 61 6C 67 61 78 8F 12 03 4E 75 75 63 20 64 75 67 61 61 72 20 73 6F 6C 69 78 90 00 
SELECT ITEM

	CMD:SELECT ITEM
		Qualifier =00
	DEVICE:SIM -> ME
	ALPHA ID:length =6
		Dealer
	ITEM:1 - Ceneglex
	ITEM:2 - Uldegdel shalgax
	ITEM:3 - Nuuc dugaar solix

>>> ME -> CARD >>>>>>>>>>>>>>>>>>>>>>>>>>>>>>>>>>>>>
A0 14 00 00 0F 81 03 01 24 00 02 02 82 81 03 01 00 10 01 02 
TERMINAL RESPONSE

<<< CARD -> ME <<<<<<<<<<<<<<<<<<<<<<<<<<<<<<<<<<<<<
91 1B 
OK + PROACTIVE

>>> ME -> CARD >>>>>>>>>>>>>>>>>>>>>>>>>>>>>>>>>>>>>
A0 12 00 00 1B 
FETCH

<<< CARD -> ME <<<<<<<<<<<<<<<<<<<<<<<<<<<<<<<<<<<<<
D0 19 81 03 01 23 04 82 02 81 82 8D 0A 04 4E 75 75 63 20 6B 6F 64 3F 91 02 01 05 90 00 
GET INPUT

	CMD:GET INPUT
		Qualifier =04
	DEVICE:SIM -> ME
	STR:length =9
		Nuuc kod?
		format:8 BITS
		class:no class meaning
	LENGTHS:
		min =1
		max =5

>>> ME -> CARD >>>>>>>>>>>>>>>>>>>>>>>>>>>>>>>>>>>>>
A0 F2 00 00 07 
STATUS

<<< CARD -> ME <<<<<<<<<<<<<<<<<<<<<<<<<<<<<<<<<<<<<
00 00 1F EC 7F 20 02 90 00 
OK, DATA

>>> ME -> CARD >>>>>>>>>>>>>>>>>>>>>>>>>>>>>>>>>>>>>
A0 14 00 00 14 81 03 01 23 04 02 02 82 81 03 01 00 0D 06 04 31 32 33 34 35 
TERMINAL RESPONSE

<<< CARD -> ME <<<<<<<<<<<<<<<<<<<<<<<<<<<<<<<<<<<<<
91 24 
OK + PROACTIVE

>>> ME -> CARD >>>>>>>>>>>>>>>>>>>>>>>>>>>>>>>>>>>>>
A0 12 00 00 24 
FETCH

<<< CARD -> ME <<<<<<<<<<<<<<<<<<<<<<<<<<<<<<<<<<<<<
D0 22 81 03 01 12 00 82 02 81 83 05 09 54 6F 70 20 55 70 2E 2E 2E 0A 0C 0F AA 18 0D A6 8A C9 66 B4 DA 08 23 90 00 
SEND USSD

	CMD:SEND USSD
		Qualifier =00
	DEVICE:SIM -> NETWORK
	ALPHA ID:length =9
		Top Up...
	USSD:length =12
		0F AA 18 0D A6 8A C9 66 B4 DA 08 23 

>>> ME -> CARD >>>>>>>>>>>>>>>>>>>>>>>>>>>>>>>>>>>>>
A0 14 00 00 28 81 03 01 12 00 02 02 82 81 03 01 00 0D 1A 00 D5 E9 94 08 9A D3 E5 69 F7 19 24 2F 8F CB 69 7B 99 0C 32 CB DF 6D D0 74 0A 
TERMINAL RESPONSE

<<< CARD -> ME <<<<<<<<<<<<<<<<<<<<<<<<<<<<<<<<<<<<<
91 27 
OK + PROACTIVE

>>> ME -> CARD >>>>>>>>>>>>>>>>>>>>>>>>>>>>>>>>>>>>>
A0 12 00 00 27 
FETCH

<<< CARD -> ME <<<<<<<<<<<<<<<<<<<<<<<<<<<<<<<<<<<<<
D0 25 81 03 01 21 80 82 02 81 02 8D 1A 00 D5 E9 94 08 9A D3 E5 69 F7 19 24 2F 8F CB 69 7B 99 0C 32 CB DF 6D D0 74 0A 90 00 
DISPLAY TEXT

	CMD:DISPLAY TEXT
		Qualifier =80
	DEVICE:SIM -> DISPLAY
	STR:length =28
		USSD string received from SS
		format:7 BITS
		class:no class meaning

>>> ME -> CARD >>>>>>>>>>>>>>>>>>>>>>>>>>>>>>>>>>>>>
A0 14 00 00 0C 81 03 01 21 80 02 02 82 81 03 01 00 
TERMINAL RESPONSE

<<< CARD -> ME <<<<<<<<<<<<<<<<<<<<<<<<<<<<<<<<<<<<<
91 45 
OK + PROACTIVE

>>> ME -> CARD >>>>>>>>>>>>>>>>>>>>>>>>>>>>>>>>>>>>>
A0 12 00 00 45 
FETCH

<<< CARD -> ME <<<<<<<<<<<<<<<<<<<<<<<<<<<<<<<<<<<<<
D0 43 81 03 01 24 00 82 02 81 82 85 06 44 65 61 6C 65 72 8F 09 01 43 65 6E 65 67 6C 65 78 8F 11 02 55 6C 64 65 67 64 65 6C 20 73 68 61 6C 67 61 78 8F 12 03 4E 75 75 63 20 64 75 67 61 61 72 20 73 6F 6C 69 78 90 00 
SELECT ITEM

	CMD:SELECT ITEM
		Qualifier =00
	DEVICE:SIM -> ME
	ALPHA ID:length =6
		Dealer
	ITEM:1 - Ceneglex
	ITEM:2 - Uldegdel shalgax
	ITEM:3 - Nuuc dugaar solix

>>> ME -> CARD >>>>>>>>>>>>>>>>>>>>>>>>>>>>>>>>>>>>>
A0 14 00 00 0F 81 03 01 24 00 02 02 82 81 03 01 00 10 01 03 
TERMINAL RESPONSE

<<< CARD -> ME <<<<<<<<<<<<<<<<<<<<<<<<<<<<<<<<<<<<<
91 1B 
OK + PROACTIVE

>>> ME -> CARD >>>>>>>>>>>>>>>>>>>>>>>>>>>>>>>>>>>>>
A0 12 00 00 1B 
FETCH

<<< CARD -> ME <<<<<<<<<<<<<<<<<<<<<<<<<<<<<<<<<<<<<
D0 19 81 03 01 23 04 82 02 81 82 8D 0A 04 4E 75 75 63 20 6B 6F 64 3F 91 02 01 05 90 00 
GET INPUT

	CMD:GET INPUT
		Qualifier =04
	DEVICE:SIM -> ME
	STR:length =9
		Nuuc kod?
		format:8 BITS
		class:no class meaning
	LENGTHS:
		min =1
		max =5

>>> ME -> CARD >>>>>>>>>>>>>>>>>>>>>>>>>>>>>>>>>>>>>
A0 F2 00 00 07 
STATUS

<<< CARD -> ME <<<<<<<<<<<<<<<<<<<<<<<<<<<<<<<<<<<<<
00 00 1F EC 7F 20 02 90 00 
OK, DATA

>>> ME -> CARD >>>>>>>>>>>>>>>>>>>>>>>>>>>>>>>>>>>>>
A0 14 00 00 14 81 03 01 23 04 02 02 82 81 03 01 00 0D 06 04 31 32 33 34 35 
TERMINAL RESPONSE

<<< CARD -> ME <<<<<<<<<<<<<<<<<<<<<<<<<<<<<<<<<<<<<
91 21 
OK + PROACTIVE

>>> ME -> CARD >>>>>>>>>>>>>>>>>>>>>>>>>>>>>>>>>>>>>
A0 12 00 00 21 
FETCH

<<< CARD -> ME <<<<<<<<<<<<<<<<<<<<<<<<<<<<<<<<<<<<<
D0 1F 81 03 01 23 04 82 02 81 82 8D 10 04 53 68 69 6E 65 20 6E 75 75 63 20 6B 6F 64 3F 91 02 01 05 90 00 
GET INPUT

	CMD:GET INPUT
		Qualifier =04
	DEVICE:SIM -> ME
	STR:length =15
		Shine nuuc kod?
		format:8 BITS
		class:no class meaning
	LENGTHS:
		min =1
		max =5

>>> ME -> CARD >>>>>>>>>>>>>>>>>>>>>>>>>>>>>>>>>>>>>
A0 14 00 00 14 81 03 01 23 04 02 02 82 81 03 01 00 0D 06 04 35 33 32 31 34 
TERMINAL RESPONSE

<<< CARD -> ME <<<<<<<<<<<<<<<<<<<<<<<<<<<<<<<<<<<<<
91 2A 
OK + PROACTIVE

>>> ME -> CARD >>>>>>>>>>>>>>>>>>>>>>>>>>>>>>>>>>>>>
A0 12 00 00 2A 
FETCH

<<< CARD -> ME <<<<<<<<<<<<<<<<<<<<<<<<<<<<<<<<<<<<<
D0 28 81 03 01 12 00 82 02 81 83 05 09 54 6F 70 20 55 70 2E 2E 2E 0A 12 0F AA 18 ED A6 8A C9 66 B4 9A AA 36 93 C5 68 23 34 23 90 00 
SEND USSD

	CMD:SEND USSD
		Qualifier =00
	DEVICE:SIM -> NETWORK
	ALPHA ID:length =9
		Top Up...
	USSD:length =18
		0F AA 18 ED A6 8A C9 66 B4 9A AA 36 93 C5 68 23 34 23 

>>> ME -> CARD >>>>>>>>>>>>>>>>>>>>>>>>>>>>>>>>>>>>>
A0 14 00 00 28 81 03 01 12 00 02 02 82 81 03 01 00 0D 1A 00 D5 E9 94 08 9A D3 E5 69 F7 19 24 2F 8F CB 69 7B 99 0C 32 CB DF 6D D0 74 0A 
TERMINAL RESPONSE

<<< CARD -> ME <<<<<<<<<<<<<<<<<<<<<<<<<<<<<<<<<<<<<
91 27 
OK + PROACTIVE

>>> ME -> CARD >>>>>>>>>>>>>>>>>>>>>>>>>>>>>>>>>>>>>
A0 12 00 00 27 
FETCH

<<< CARD -> ME <<<<<<<<<<<<<<<<<<<<<<<<<<<<<<<<<<<<<
D0 25 81 03 01 21 80 82 02 81 02 8D 1A 00 D5 E9 94 08 9A D3 E5 69 F7 19 24 2F 8F CB 69 7B 99 0C 32 CB DF 6D D0 74 0A 90 00 
DISPLAY TEXT

	CMD:DISPLAY TEXT
		Qualifier =80
	DEVICE:SIM -> DISPLAY
	STR:length =28
		USSD string received from SS
		format:7 BITS
		class:no class meaning

>>> ME -> CARD >>>>>>>>>>>>>>>>>>>>>>>>>>>>>>>>>>>>>
A0 F2 00 00 07 
STATUS

<<< CARD -> ME <<<<<<<<<<<<<<<<<<<<<<<<<<<<<<<<<<<<<
00 00 1F EC 7F 20 02 90 00 
OK, DATA

>>> ME -> CARD >>>>>>>>>>>>>>>>>>>>>>>>>>>>>>>>>>>>>
A0 F2 00 00 07 
STATUS

<<< CARD -> ME <<<<<<<<<<<<<<<<<<<<<<<<<<<<<<<<<<<<<
00 00 1F EC 7F 20 02 90 00 
OK, DATA

>>> ME -> CARD >>>>>>>>>>>>>>>>>>>>>>>>>>>>>>>>>>>>>
A0 F2 00 00 07 
STATUS

<<< CARD -> ME <<<<<<<<<<<<<<<<<<<<<<<<<<<<<<<<<<<<<
00 00 1F EC 7F 20 02 90 00 
OK, DATA

