####################################################
Gemplus - Spy Log
     Mon Nov 12 14:55:40 GMT+08:00 2007
####################################################

>>> ME -> CARD >>>>>>>>>>>>>>>>>>>>>>>>>>>>>>>>>>>>>
A0 A4 00 00 02 3F 00 
SELECT

<<< CARD -> ME <<<<<<<<<<<<<<<<<<<<<<<<<<<<<<<<<<<<<
9F 16 
OK + DATA

>>> ME -> CARD >>>>>>>>>>>>>>>>>>>>>>>>>>>>>>>>>>>>>
A0 A4 00 00 02 7F 20 
SELECT

<<< CARD -> ME <<<<<<<<<<<<<<<<<<<<<<<<<<<<<<<<<<<<<
9F 16 
OK + DATA

>>> ME -> CARD >>>>>>>>>>>>>>>>>>>>>>>>>>>>>>>>>>>>>
A0 C0 00 00 16 
GET RESPONSE

<<< CARD -> ME <<<<<<<<<<<<<<<<<<<<<<<<<<<<<<<<<<<<<
00 00 16 98 7F 20 02 00 00 00 00 00 09 11 00 16 0A 00 83 8A 83 8A 90 00 
OK, DATA

>>> ME -> CARD >>>>>>>>>>>>>>>>>>>>>>>>>>>>>>>>>>>>>
A0 A4 00 00 02 6F AE 
SELECT

<<< CARD -> ME <<<<<<<<<<<<<<<<<<<<<<<<<<<<<<<<<<<<<
9F 0F 
OK + DATA

>>> ME -> CARD >>>>>>>>>>>>>>>>>>>>>>>>>>>>>>>>>>>>>
A0 B0 00 00 01 
READ BINARY

<<< CARD -> ME <<<<<<<<<<<<<<<<<<<<<<<<<<<<<<<<<<<<<
03 90 00 
OK, DATA

>>> ME -> CARD >>>>>>>>>>>>>>>>>>>>>>>>>>>>>>>>>>>>>
A0 A4 00 00 02 3F 00 
SELECT

<<< CARD -> ME <<<<<<<<<<<<<<<<<<<<<<<<<<<<<<<<<<<<<
9F 16 
OK + DATA

>>> ME -> CARD >>>>>>>>>>>>>>>>>>>>>>>>>>>>>>>>>>>>>
A0 A4 00 00 02 7F 20 
SELECT

<<< CARD -> ME <<<<<<<<<<<<<<<<<<<<<<<<<<<<<<<<<<<<<
9F 16 
OK + DATA

>>> ME -> CARD >>>>>>>>>>>>>>>>>>>>>>>>>>>>>>>>>>>>>
A0 C0 00 00 16 
GET RESPONSE

<<< CARD -> ME <<<<<<<<<<<<<<<<<<<<<<<<<<<<<<<<<<<<<
00 00 16 98 7F 20 02 00 00 00 00 00 09 11 00 16 0A 00 83 8A 83 8A 90 00 
OK, DATA

>>> ME -> CARD >>>>>>>>>>>>>>>>>>>>>>>>>>>>>>>>>>>>>
A0 20 00 01 08 33 35 31 30 FF FF FF FF 
VERIFY CHV

<<< CARD -> ME <<<<<<<<<<<<<<<<<<<<<<<<<<<<<<<<<<<<<
90 00 
OK

>>> ME -> CARD >>>>>>>>>>>>>>>>>>>>>>>>>>>>>>>>>>>>>
A0 10 00 00 13 3B 67 FF 7F 1F 02 0F 0B 41 00 00 00 00 86 98 04 00 00 00 
TERMINAL PROFILE

<<< CARD -> ME <<<<<<<<<<<<<<<<<<<<<<<<<<<<<<<<<<<<<
91 3B 
OK + PROACTIVE

>>> ME -> CARD >>>>>>>>>>>>>>>>>>>>>>>>>>>>>>>>>>>>>
A0 12 00 00 3B 
FETCH

<<< CARD -> ME <<<<<<<<<<<<<<<<<<<<<<<<<<<<<<<<<<<<<
D0 39 81 03 01 25 00 82 02 81 82 85 04 69 43 42 53 8F 0E 01 4D 6F 6C 69 6C 65 20 44 65 61 6C 65 72 8F 07 82 44 65 61 6C 65 72 8F 0A 83 4D 6F 62 69 4D 45 44 49 41 18 03 24 00 24 90 00 
SET UP MENU

	CMD:SET UP MENU
		Qualifier =00
	DEVICE:SIM -> ME
	ALPHA ID:length =4
		iCBS
	ITEM:1 - Molile Dealer
	ITEM:130 - Dealer
	ITEM:131 - MobiMEDIA

>>> ME -> CARD >>>>>>>>>>>>>>>>>>>>>>>>>>>>>>>>>>>>>
A0 14 00 00 0C 81 03 01 25 00 02 02 82 81 03 01 00 
TERMINAL RESPONSE

<<< CARD -> ME <<<<<<<<<<<<<<<<<<<<<<<<<<<<<<<<<<<<<
90 00 
OK

>>> ME -> CARD >>>>>>>>>>>>>>>>>>>>>>>>>>>>>>>>>>>>>
A0 C2 00 00 09 D3 07 02 02 01 81 10 01 01 
ENVELOPE: Menu selection

	DEVICE:KEYPAD -> SIM
	ITEM ID:1

<<< CARD -> ME <<<<<<<<<<<<<<<<<<<<<<<<<<<<<<<<<<<<<
91 7B 
OK + PROACTIVE

>>> ME -> CARD >>>>>>>>>>>>>>>>>>>>>>>>>>>>>>>>>>>>>
A0 12 00 00 7B 
FETCH

<<< CARD -> ME <<<<<<<<<<<<<<<<<<<<<<<<<<<<<<<<<<<<<
D0 79 81 03 01 24 00 82 02 81 82 85 0D 4D 6F 6C 69 6C 65 20 44 65 61 6C 65 72 8F 09 01 4D 6F 62 69 43 61 72 64 8F 0B 02 47 6C 6F 62 75 73 43 61 72 64 8F 12 03 57 65 62 32 43 61 6C 6C 2C 49 6E 74 65 72 6E 65 74 8F 0C 04 55 6C 75 73 6E 65 74 43 61 72 64 8F 11 05 55 6C 64 65 67 64 65 6C 20 73 68 61 6C 67 61 78 8F 12 06 4E 75 75 63 20 64 75 67 61 61 72 20 73 6F 6C 69 78 90 00 
SELECT ITEM

	CMD:SELECT ITEM
		Qualifier =00
	DEVICE:SIM -> ME
	ALPHA ID:length =13
		Molile Dealer
	ITEM:1 - MobiCard
	ITEM:2 - GlobusCard
	ITEM:3 - Web2Call,Internet
	ITEM:4 - UlusnetCard
	ITEM:5 - Uldegdel shalgax
	ITEM:6 - Nuuc dugaar solix

>>> ME -> CARD >>>>>>>>>>>>>>>>>>>>>>>>>>>>>>>>>>>>>
A0 14 00 00 0F 81 03 01 24 00 02 02 82 81 03 01 00 10 01 03 
TERMINAL RESPONSE

<<< CARD -> ME <<<<<<<<<<<<<<<<<<<<<<<<<<<<<<<<<<<<<
91 4B 
OK + PROACTIVE

>>> ME -> CARD >>>>>>>>>>>>>>>>>>>>>>>>>>>>>>>>>>>>>
A0 12 00 00 4B 
FETCH

<<< CARD -> ME <<<<<<<<<<<<<<<<<<<<<<<<<<<<<<<<<<<<<
D0 49 81 03 01 24 00 82 02 81 82 85 11 57 65 62 32 43 61 6C 6C 2C 49 6E 74 65 72 6E 65 74 8F 09 01 31 35 30 30 20 74 75 67 8F 09 02 32 35 30 30 20 74 75 67 8F 09 03 35 30 30 30 20 74 75 67 8F 0A 04 31 30 30 30 30 20 74 75 67 90 00 
SELECT ITEM

	CMD:SELECT ITEM
		Qualifier =00
	DEVICE:SIM -> ME
	ALPHA ID:length =17
		Web2Call,Internet
	ITEM:1 - 1500 tug
	ITEM:2 - 2500 tug
	ITEM:3 - 5000 tug
	ITEM:4 - 10000 tug

>>> ME -> CARD >>>>>>>>>>>>>>>>>>>>>>>>>>>>>>>>>>>>>
A0 14 00 00 0F 81 03 01 24 00 02 02 82 81 03 01 00 10 01 01 
TERMINAL RESPONSE

<<< CARD -> ME <<<<<<<<<<<<<<<<<<<<<<<<<<<<<<<<<<<<<
91 22 
OK + PROACTIVE

>>> ME -> CARD >>>>>>>>>>>>>>>>>>>>>>>>>>>>>>>>>>>>>
A0 12 00 00 22 
FETCH

<<< CARD -> ME <<<<<<<<<<<<<<<<<<<<<<<<<<<<<<<<<<<<<
D0 20 81 03 01 23 00 82 02 81 82 8D 11 04 43 65 6E 65 67 6C 65 78 20 64 75 67 61 61 72 3F 91 02 08 08 90 00 
GET INPUT

	CMD:GET INPUT
		Qualifier =00
	DEVICE:SIM -> ME
	STR:length =16
		Ceneglex dugaar?
		format:8 BITS
		class:no class meaning
	LENGTHS:
		min =8
		max =8

>>> ME -> CARD >>>>>>>>>>>>>>>>>>>>>>>>>>>>>>>>>>>>>
A0 14 00 00 17 81 03 01 23 00 02 02 82 81 03 01 00 0D 09 04 39 39 32 39 36 34 36 34 
TERMINAL RESPONSE

<<< CARD -> ME <<<<<<<<<<<<<<<<<<<<<<<<<<<<<<<<<<<<<
91 2E 
OK + PROACTIVE

>>> ME -> CARD >>>>>>>>>>>>>>>>>>>>>>>>>>>>>>>>>>>>>
A0 12 00 00 2E 
FETCH

<<< CARD -> ME <<<<<<<<<<<<<<<<<<<<<<<<<<<<<<<<<<<<<
D0 2C 81 03 01 21 80 82 02 81 02 8D 21 04 57 65 62 32 43 61 6C 6C 2C 49 6E 74 65 72 6E 65 74 3A 0A 31 35 30 30 3E 39 39 32 39 36 34 36 34 90 00 
DISPLAY TEXT

	CMD:DISPLAY TEXT
		Qualifier =80
	DEVICE:SIM -> DISPLAY
	STR:length =32
		Web2Call,Internet:
1500>99296464
		format:8 BITS
		class:no class meaning

>>> ME -> CARD >>>>>>>>>>>>>>>>>>>>>>>>>>>>>>>>>>>>>
A0 F2 00 00 07 
STATUS

<<< CARD -> ME <<<<<<<<<<<<<<<<<<<<<<<<<<<<<<<<<<<<<
00 00 16 98 7F 20 02 90 00 
OK, DATA

>>> ME -> CARD >>>>>>>>>>>>>>>>>>>>>>>>>>>>>>>>>>>>>
A0 F2 00 00 07 
STATUS

<<< CARD -> ME <<<<<<<<<<<<<<<<<<<<<<<<<<<<<<<<<<<<<
00 00 16 98 7F 20 02 90 00 
OK, DATA

>>> ME -> CARD >>>>>>>>>>>>>>>>>>>>>>>>>>>>>>>>>>>>>
A0 F2 00 00 07 
STATUS

<<< CARD -> ME <<<<<<<<<<<<<<<<<<<<<<<<<<<<<<<<<<<<<
00 00 16 98 7F 20 02 90 00 
OK, DATA

>>> ME -> CARD >>>>>>>>>>>>>>>>>>>>>>>>>>>>>>>>>>>>>
A0 14 00 00 0C 81 03 01 21 80 02 02 82 81 03 01 00 
TERMINAL RESPONSE

<<< CARD -> ME <<<<<<<<<<<<<<<<<<<<<<<<<<<<<<<<<<<<<
91 1B 
OK + PROACTIVE

>>> ME -> CARD >>>>>>>>>>>>>>>>>>>>>>>>>>>>>>>>>>>>>
A0 12 00 00 1B 
FETCH

<<< CARD -> ME <<<<<<<<<<<<<<<<<<<<<<<<<<<<<<<<<<<<<
D0 19 81 03 01 23 04 82 02 81 82 8D 0A 04 4E 75 75 63 20 6B 6F 64 3F 91 02 01 05 90 00 
GET INPUT

	CMD:GET INPUT
		Qualifier =04
	DEVICE:SIM -> ME
	STR:length =9
		Nuuc kod?
		format:8 BITS
		class:no class meaning
	LENGTHS:
		min =1
		max =5

>>> ME -> CARD >>>>>>>>>>>>>>>>>>>>>>>>>>>>>>>>>>>>>
A0 14 00 00 14 81 03 01 23 04 02 02 82 81 03 01 00 0D 06 04 39 39 32 39 36 
TERMINAL RESPONSE

<<< CARD -> ME <<<<<<<<<<<<<<<<<<<<<<<<<<<<<<<<<<<<<
91 32 
OK + PROACTIVE

>>> ME -> CARD >>>>>>>>>>>>>>>>>>>>>>>>>>>>>>>>>>>>>
A0 12 00 00 32 
FETCH

<<< CARD -> ME <<<<<<<<<<<<<<<<<<<<<<<<<<<<<<<<<<<<<
D0 30 81 03 01 12 00 82 02 81 83 05 09 54 6F 70 20 55 70 2E 2E 2E 0A 1A 0F AA 58 4E A6 8A D5 60 30 55 2E 27 CB D9 68 36 9A 2A 97 93 E5 6C 23 39 36 23 90 00 
SEND USSD

	CMD:SEND USSD
		Qualifier =00
	DEVICE:SIM -> NETWORK
	ALPHA ID:length =9
		Top Up...
	USSD:length =26
		0F AA 58 4E A6 8A D5 60 30 55 2E 27 CB D9 68 36 9A 2A 97 93 E5 6C 23 39 36 23 

>>> ME -> CARD >>>>>>>>>>>>>>>>>>>>>>>>>>>>>>>>>>>>>
A0 14 00 00 28 81 03 01 12 00 02 02 82 81 03 01 00 0D 1A 00 D5 E9 94 08 9A D3 E5 69 F7 19 24 2F 8F CB 69 7B 99 0C 32 CB DF 6D D0 74 0A 
TERMINAL RESPONSE

<<< CARD -> ME <<<<<<<<<<<<<<<<<<<<<<<<<<<<<<<<<<<<<
91 27 
OK + PROACTIVE

>>> ME -> CARD >>>>>>>>>>>>>>>>>>>>>>>>>>>>>>>>>>>>>
A0 12 00 00 27 
FETCH

<<< CARD -> ME <<<<<<<<<<<<<<<<<<<<<<<<<<<<<<<<<<<<<
D0 25 81 03 01 21 80 82 02 81 02 8D 1A 00 D5 E9 94 08 9A D3 E5 69 F7 19 24 2F 8F CB 69 7B 99 0C 32 CB DF 6D D0 74 0A 90 00 
DISPLAY TEXT

	CMD:DISPLAY TEXT
		Qualifier =80
	DEVICE:SIM -> DISPLAY
	STR:length =28
		USSD string received from SS
		format:7 BITS
		class:no class meaning

>>> ME -> CARD >>>>>>>>>>>>>>>>>>>>>>>>>>>>>>>>>>>>>
A0 14 00 00 0C 81 03 01 21 80 02 02 82 81 03 01 00 
TERMINAL RESPONSE

<<< CARD -> ME <<<<<<<<<<<<<<<<<<<<<<<<<<<<<<<<<<<<<
91 7B 
OK + PROACTIVE

>>> ME -> CARD >>>>>>>>>>>>>>>>>>>>>>>>>>>>>>>>>>>>>
A0 12 00 00 7B 
FETCH

<<< CARD -> ME <<<<<<<<<<<<<<<<<<<<<<<<<<<<<<<<<<<<<
D0 79 81 03 01 24 00 82 02 81 82 85 0D 4D 6F 6C 69 6C 65 20 44 65 61 6C 65 72 8F 09 01 4D 6F 62 69 43 61 72 64 8F 0B 02 47 6C 6F 62 75 73 43 61 72 64 8F 12 03 57 65 62 32 43 61 6C 6C 2C 49 6E 74 65 72 6E 65 74 8F 0C 04 55 6C 75 73 6E 65 74 43 61 72 64 8F 11 05 55 6C 64 65 67 64 65 6C 20 73 68 61 6C 67 61 78 8F 12 06 4E 75 75 63 20 64 75 67 61 61 72 20 73 6F 6C 69 78 90 00 
SELECT ITEM

	CMD:SELECT ITEM
		Qualifier =00
	DEVICE:SIM -> ME
	ALPHA ID:length =13
		Molile Dealer
	ITEM:1 - MobiCard
	ITEM:2 - GlobusCard
	ITEM:3 - Web2Call,Internet
	ITEM:4 - UlusnetCard
	ITEM:5 - Uldegdel shalgax
	ITEM:6 - Nuuc dugaar solix

>>> ME -> CARD >>>>>>>>>>>>>>>>>>>>>>>>>>>>>>>>>>>>>
A0 F2 00 00 07 
STATUS

<<< CARD -> ME <<<<<<<<<<<<<<<<<<<<<<<<<<<<<<<<<<<<<
00 00 16 98 7F 20 02 90 00 
OK, DATA

>>> ME -> CARD >>>>>>>>>>>>>>>>>>>>>>>>>>>>>>>>>>>>>
A0 14 00 00 0F 81 03 01 24 00 02 02 82 81 03 01 00 10 01 03 
TERMINAL RESPONSE

<<< CARD -> ME <<<<<<<<<<<<<<<<<<<<<<<<<<<<<<<<<<<<<
91 4B 
OK + PROACTIVE

>>> ME -> CARD >>>>>>>>>>>>>>>>>>>>>>>>>>>>>>>>>>>>>
A0 12 00 00 4B 
FETCH

<<< CARD -> ME <<<<<<<<<<<<<<<<<<<<<<<<<<<<<<<<<<<<<
D0 49 81 03 01 24 00 82 02 81 82 85 11 57 65 62 32 43 61 6C 6C 2C 49 6E 74 65 72 6E 65 74 8F 09 01 31 35 30 30 20 74 75 67 8F 09 02 32 35 30 30 20 74 75 67 8F 09 03 35 30 30 30 20 74 75 67 8F 0A 04 31 30 30 30 30 20 74 75 67 90 00 
SELECT ITEM

	CMD:SELECT ITEM
		Qualifier =00
	DEVICE:SIM -> ME
	ALPHA ID:length =17
		Web2Call,Internet
	ITEM:1 - 1500 tug
	ITEM:2 - 2500 tug
	ITEM:3 - 5000 tug
	ITEM:4 - 10000 tug

>>> ME -> CARD >>>>>>>>>>>>>>>>>>>>>>>>>>>>>>>>>>>>>
A0 14 00 00 0F 81 03 01 24 00 02 02 82 81 03 01 00 10 01 04 
TERMINAL RESPONSE

<<< CARD -> ME <<<<<<<<<<<<<<<<<<<<<<<<<<<<<<<<<<<<<
91 22 
OK + PROACTIVE

>>> ME -> CARD >>>>>>>>>>>>>>>>>>>>>>>>>>>>>>>>>>>>>
A0 12 00 00 22 
FETCH

<<< CARD -> ME <<<<<<<<<<<<<<<<<<<<<<<<<<<<<<<<<<<<<
D0 20 81 03 01 23 00 82 02 81 82 8D 11 04 43 65 6E 65 67 6C 65 78 20 64 75 67 61 61 72 3F 91 02 08 08 90 00 
GET INPUT

	CMD:GET INPUT
		Qualifier =00
	DEVICE:SIM -> ME
	STR:length =16
		Ceneglex dugaar?
		format:8 BITS
		class:no class meaning
	LENGTHS:
		min =8
		max =8

>>> ME -> CARD >>>>>>>>>>>>>>>>>>>>>>>>>>>>>>>>>>>>>
A0 F2 00 00 07 
STATUS

<<< CARD -> ME <<<<<<<<<<<<<<<<<<<<<<<<<<<<<<<<<<<<<
00 00 16 98 7F 20 02 90 00 
OK, DATA

>>> ME -> CARD >>>>>>>>>>>>>>>>>>>>>>>>>>>>>>>>>>>>>
A0 14 00 00 17 81 03 01 23 00 02 02 82 81 03 01 00 0D 09 04 39 39 32 39 39 34 36 34 
TERMINAL RESPONSE

<<< CARD -> ME <<<<<<<<<<<<<<<<<<<<<<<<<<<<<<<<<<<<<
91 2F 
OK + PROACTIVE

>>> ME -> CARD >>>>>>>>>>>>>>>>>>>>>>>>>>>>>>>>>>>>>
A0 12 00 00 2F 
FETCH

<<< CARD -> ME <<<<<<<<<<<<<<<<<<<<<<<<<<<<<<<<<<<<<
D0 2D 81 03 01 21 80 82 02 81 02 8D 22 04 57 65 62 32 43 61 6C 6C 2C 49 6E 74 65 72 6E 65 74 3A 0A 31 30 30 30 30 3E 39 39 32 39 39 34 36 34 90 00 
DISPLAY TEXT

	CMD:DISPLAY TEXT
		Qualifier =80
	DEVICE:SIM -> DISPLAY
	STR:length =33
		Web2Call,Internet:
10000>99299464
		format:8 BITS
		class:no class meaning

>>> ME -> CARD >>>>>>>>>>>>>>>>>>>>>>>>>>>>>>>>>>>>>
A0 F2 00 00 07 
STATUS

<<< CARD -> ME <<<<<<<<<<<<<<<<<<<<<<<<<<<<<<<<<<<<<
00 00 16 98 7F 20 02 90 00 
OK, DATA

>>> ME -> CARD >>>>>>>>>>>>>>>>>>>>>>>>>>>>>>>>>>>>>
A0 F2 00 00 07 
STATUS

<<< CARD -> ME <<<<<<<<<<<<<<<<<<<<<<<<<<<<<<<<<<<<<
00 00 16 98 7F 20 02 90 00 
OK, DATA

>>> ME -> CARD >>>>>>>>>>>>>>>>>>>>>>>>>>>>>>>>>>>>>
A0 14 00 00 0C 81 03 01 21 80 02 02 82 81 03 01 00 
TERMINAL RESPONSE

<<< CARD -> ME <<<<<<<<<<<<<<<<<<<<<<<<<<<<<<<<<<<<<
91 1B 
OK + PROACTIVE

>>> ME -> CARD >>>>>>>>>>>>>>>>>>>>>>>>>>>>>>>>>>>>>
A0 12 00 00 1B 
FETCH

<<< CARD -> ME <<<<<<<<<<<<<<<<<<<<<<<<<<<<<<<<<<<<<
D0 19 81 03 01 23 04 82 02 81 82 8D 0A 04 4E 75 75 63 20 6B 6F 64 3F 91 02 01 05 90 00 
GET INPUT

	CMD:GET INPUT
		Qualifier =04
	DEVICE:SIM -> ME
	STR:length =9
		Nuuc kod?
		format:8 BITS
		class:no class meaning
	LENGTHS:
		min =1
		max =5

>>> ME -> CARD >>>>>>>>>>>>>>>>>>>>>>>>>>>>>>>>>>>>>
A0 14 00 00 14 81 03 01 23 04 02 02 82 81 03 01 00 0D 06 04 39 39 39 39 39 
TERMINAL RESPONSE

<<< CARD -> ME <<<<<<<<<<<<<<<<<<<<<<<<<<<<<<<<<<<<<
91 33 
OK + PROACTIVE

>>> ME -> CARD >>>>>>>>>>>>>>>>>>>>>>>>>>>>>>>>>>>>>
A0 12 00 00 33 
FETCH

<<< CARD -> ME <<<<<<<<<<<<<<<<<<<<<<<<<<<<<<<<<<<<<
D0 31 81 03 01 12 00 82 02 81 83 05 09 54 6F 70 20 55 70 2E 2E 2E 0A 1B 0F AA 58 4E A6 8A C1 60 30 98 2A 97 93 E5 72 34 1B 4D 95 CB E5 72 B9 11 39 39 23 90 00 
SEND USSD

	CMD:SEND USSD
		Qualifier =00
	DEVICE:SIM -> NETWORK
	ALPHA ID:length =9
		Top Up...
	USSD:length =27
		0F AA 58 4E A6 8A C1 60 30 98 2A 97 93 E5 72 34 1B 4D 95 CB E5 72 B9 11 39 39 23 

>>> ME -> CARD >>>>>>>>>>>>>>>>>>>>>>>>>>>>>>>>>>>>>
A0 14 00 00 28 81 03 01 12 00 02 02 82 81 03 01 00 0D 1A 00 D5 E9 94 08 9A D3 E5 69 F7 19 24 2F 8F CB 69 7B 99 0C 32 CB DF 6D D0 74 0A 
TERMINAL RESPONSE

<<< CARD -> ME <<<<<<<<<<<<<<<<<<<<<<<<<<<<<<<<<<<<<
91 27 
OK + PROACTIVE

>>> ME -> CARD >>>>>>>>>>>>>>>>>>>>>>>>>>>>>>>>>>>>>
A0 12 00 00 27 
FETCH

<<< CARD -> ME <<<<<<<<<<<<<<<<<<<<<<<<<<<<<<<<<<<<<
D0 25 81 03 01 21 80 82 02 81 02 8D 1A 00 D5 E9 94 08 9A D3 E5 69 F7 19 24 2F 8F CB 69 7B 99 0C 32 CB DF 6D D0 74 0A 90 00 
DISPLAY TEXT

	CMD:DISPLAY TEXT
		Qualifier =80
	DEVICE:SIM -> DISPLAY
	STR:length =28
		USSD string received from SS
		format:7 BITS
		class:no class meaning

>>> ME -> CARD >>>>>>>>>>>>>>>>>>>>>>>>>>>>>>>>>>>>>
A0 14 00 00 0C 81 03 01 21 80 02 02 82 81 03 01 00 
TERMINAL RESPONSE

<<< CARD -> ME <<<<<<<<<<<<<<<<<<<<<<<<<<<<<<<<<<<<<
91 7B 
OK + PROACTIVE

>>> ME -> CARD >>>>>>>>>>>>>>>>>>>>>>>>>>>>>>>>>>>>>
A0 12 00 00 7B 
FETCH

<<< CARD -> ME <<<<<<<<<<<<<<<<<<<<<<<<<<<<<<<<<<<<<
D0 79 81 03 01 24 00 82 02 81 82 85 0D 4D 6F 6C 69 6C 65 20 44 65 61 6C 65 72 8F 09 01 4D 6F 62 69 43 61 72 64 8F 0B 02 47 6C 6F 62 75 73 43 61 72 64 8F 12 03 57 65 62 32 43 61 6C 6C 2C 49 6E 74 65 72 6E 65 74 8F 0C 04 55 6C 75 73 6E 65 74 43 61 72 64 8F 11 05 55 6C 64 65 67 64 65 6C 20 73 68 61 6C 67 61 78 8F 12 06 4E 75 75 63 20 64 75 67 61 61 72 20 73 6F 6C 69 78 90 00 
SELECT ITEM

	CMD:SELECT ITEM
		Qualifier =00
	DEVICE:SIM -> ME
	ALPHA ID:length =13
		Molile Dealer
	ITEM:1 - MobiCard
	ITEM:2 - GlobusCard
	ITEM:3 - Web2Call,Internet
	ITEM:4 - UlusnetCard
	ITEM:5 - Uldegdel shalgax
	ITEM:6 - Nuuc dugaar solix

>>> ME -> CARD >>>>>>>>>>>>>>>>>>>>>>>>>>>>>>>>>>>>>
A0 14 00 00 0C 81 03 01 24 00 02 02 82 81 03 01 10 
TERMINAL RESPONSE

<<< CARD -> ME <<<<<<<<<<<<<<<<<<<<<<<<<<<<<<<<<<<<<
90 00 
OK

>>> ME -> CARD >>>>>>>>>>>>>>>>>>>>>>>>>>>>>>>>>>>>>
A0 F2 00 00 07 
STATUS

<<< CARD -> ME <<<<<<<<<<<<<<<<<<<<<<<<<<<<<<<<<<<<<
00 00 16 98 7F 20 02 90 00 
OK, DATA

>>> ME -> CARD >>>>>>>>>>>>>>>>>>>>>>>>>>>>>>>>>>>>>
A0 F2 00 00 07 
STATUS

<<< CARD -> ME <<<<<<<<<<<<<<<<<<<<<<<<<<<<<<<<<<<<<
00 00 16 98 7F 20 02 90 00 
OK, DATA

>>> ME -> CARD >>>>>>>>>>>>>>>>>>>>>>>>>>>>>>>>>>>>>
A0 F2 00 00 07 
STATUS

<<< CARD -> ME <<<<<<<<<<<<<<<<<<<<<<<<<<<<<<<<<<<<<
00 00 16 98 7F 20 02 90 00 
OK, DATA

>>> ME -> CARD >>>>>>>>>>>>>>>>>>>>>>>>>>>>>>>>>>>>>
A0 F2 00 00 07 
STATUS

<<< CARD -> ME <<<<<<<<<<<<<<<<<<<<<<<<<<<<<<<<<<<<<
00 00 16 98 7F 20 02 90 00 
OK, DATA

>>> ME -> CARD >>>>>>>>>>>>>>>>>>>>>>>>>>>>>>>>>>>>>
A0 F2 00 00 07 
STATUS

<<< CARD -> ME <<<<<<<<<<<<<<<<<<<<<<<<<<<<<<<<<<<<<
00 00 16 98 7F 20 02 90 00 
OK, DATA

>>> ME -> CARD >>>>>>>>>>>>>>>>>>>>>>>>>>>>>>>>>>>>>
A0 F2 00 00 07 
STATUS

<<< CARD -> ME <<<<<<<<<<<<<<<<<<<<<<<<<<<<<<<<<<<<<
00 00 16 98 7F 20 02 90 00 
OK, DATA

>>> ME -> CARD >>>>>>>>>>>>>>>>>>>>>>>>>>>>>>>>>>>>>
A0 F2 00 00 07 
STATUS

<<< CARD -> ME <<<<<<<<<<<<<<<<<<<<<<<<<<<<<<<<<<<<<
00 00 16 98 7F 20 02 90 00 
OK, DATA

>>> ME -> CARD >>>>>>>>>>>>>>>>>>>>>>>>>>>>>>>>>>>>>
A0 F2 00 00 07 
STATUS

<<< CARD -> ME <<<<<<<<<<<<<<<<<<<<<<<<<<<<<<<<<<<<<
00 00 16 98 7F 20 02 90 00 
OK, DATA

>>> ME -> CARD >>>>>>>>>>>>>>>>>>>>>>>>>>>>>>>>>>>>>
A0 F2 00 00 07 
STATUS

<<< CARD -> ME <<<<<<<<<<<<<<<<<<<<<<<<<<<<<<<<<<<<<
00 00 16 98 7F 20 02 90 00 
OK, DATA

